-------------------------------------------------------------------------------
Test set: praktikum.AuthTests
-------------------------------------------------------------------------------
Tests run: 16, Failures: 0, Errors: 16, Skipped: 0, Time elapsed: 8.553 s <<< FAILURE! - in praktikum.AuthTests
authFromLinkToProfileIsSuccess[Browser chrome](praktikum.AuthTests)  Time elapsed: 4.233 s  <<< ERROR!
org.openqa.selenium.SessionNotCreatedException: 
Could not start a new session. Response code 500. Message: session not created: This version of ChromeDriver only supports Chrome version 127
Current browser version is 130.0.6723.70 with binary path C:\Program Files\Google\Chrome\Application\chrome.exe 
Host info: host: 'LAPTOP-1EDPGQOO', ip: '192.168.136.1'
Build info: version: '4.11.0', revision: '040bc5406b'
System info: os.name: 'Windows 11', os.arch: 'amd64', os.version: '10.0', java.version: '17.0.4.1'
Driver info: org.openqa.selenium.chrome.ChromeDriver
Command: [null, newSession {capabilities=[Capabilities {browserName: chrome, goog:chromeOptions: {args: [--remote-allow-origins=*, --no-sandbox, --disable-dev-shm-usage, --headless], extensions: []}}]}]
	at praktikum.AuthTests.startUp(AuthTests.java:52)

authFromLinkToProfileIsSuccess[Browser chrome](praktikum.AuthTests)  Time elapsed: 4.233 s  <<< ERROR!
java.lang.NullPointerException: Cannot invoke "org.openqa.selenium.WebDriver.quit()" because "this.webDriver" is null
	at praktikum.AuthTests.tearDown(AuthTests.java:74)

authFromMainIsSuccess[Browser chrome](praktikum.AuthTests)  Time elapsed: 0.884 s  <<< ERROR!
org.openqa.selenium.SessionNotCreatedException: 
Could not start a new session. Response code 500. Message: session not created: This version of ChromeDriver only supports Chrome version 127
Current browser version is 130.0.6723.70 with binary path C:\Program Files\Google\Chrome\Application\chrome.exe 
Host info: host: 'LAPTOP-1EDPGQOO', ip: '192.168.136.1'
Build info: version: '4.11.0', revision: '040bc5406b'
System info: os.name: 'Windows 11', os.arch: 'amd64', os.version: '10.0', java.version: '17.0.4.1'
Driver info: org.openqa.selenium.chrome.ChromeDriver
Command: [null, newSession {capabilities=[Capabilities {browserName: chrome, goog:chromeOptions: {args: [--remote-allow-origins=*, --no-sandbox, --disable-dev-shm-usage, --headless], extensions: []}}]}]
	at praktikum.AuthTests.startUp(AuthTests.java:52)

authFromMainIsSuccess[Browser chrome](praktikum.AuthTests)  Time elapsed: 0.884 s  <<< ERROR!
java.lang.NullPointerException: Cannot invoke "org.openqa.selenium.WebDriver.quit()" because "this.webDriver" is null
	at praktikum.AuthTests.tearDown(AuthTests.java:74)

authLinkFromRegFormIsSuccess[Browser chrome](praktikum.AuthTests)  Time elapsed: 0.841 s  <<< ERROR!
org.openqa.selenium.SessionNotCreatedException: 
Could not start a new session. Response code 500. Message: session not created: This version of ChromeDriver only supports Chrome version 127
Current browser version is 130.0.6723.70 with binary path C:\Program Files\Google\Chrome\Application\chrome.exe 
Host info: host: 'LAPTOP-1EDPGQOO', ip: '192.168.136.1'
Build info: version: '4.11.0', revision: '040bc5406b'
System info: os.name: 'Windows 11', os.arch: 'amd64', os.version: '10.0', java.version: '17.0.4.1'
Driver info: org.openqa.selenium.chrome.ChromeDriver
Command: [null, newSession {capabilities=[Capabilities {browserName: chrome, goog:chromeOptions: {args: [--remote-allow-origins=*, --no-sandbox, --disable-dev-shm-usage, --headless], extensions: []}}]}]
	at praktikum.AuthTests.startUp(AuthTests.java:52)

authLinkFromRegFormIsSuccess[Browser chrome](praktikum.AuthTests)  Time elapsed: 0.841 s  <<< ERROR!
java.lang.NullPointerException: Cannot invoke "org.openqa.selenium.WebDriver.quit()" because "this.webDriver" is null
	at praktikum.AuthTests.tearDown(AuthTests.java:74)

authLinkFromForgotPasswordFormIsSuccess[Browser chrome](praktikum.AuthTests)  Time elapsed: 0.85 s  <<< ERROR!
org.openqa.selenium.SessionNotCreatedException: 
Could not start a new session. Response code 500. Message: session not created: This version of ChromeDriver only supports Chrome version 127
Current browser version is 130.0.6723.70 with binary path C:\Program Files\Google\Chrome\Application\chrome.exe 
Host info: host: 'LAPTOP-1EDPGQOO', ip: '192.168.136.1'
Build info: version: '4.11.0', revision: '040bc5406b'
System info: os.name: 'Windows 11', os.arch: 'amd64', os.version: '10.0', java.version: '17.0.4.1'
Driver info: org.openqa.selenium.chrome.ChromeDriver
Command: [null, newSession {capabilities=[Capabilities {browserName: chrome, goog:chromeOptions: {args: [--remote-allow-origins=*, --no-sandbox, --disable-dev-shm-usage, --headless], extensions: []}}]}]
	at praktikum.AuthTests.startUp(AuthTests.java:52)

authLinkFromForgotPasswordFormIsSuccess[Browser chrome](praktikum.AuthTests)  Time elapsed: 0.85 s  <<< ERROR!
java.lang.NullPointerException: Cannot invoke "org.openqa.selenium.WebDriver.quit()" because "this.webDriver" is null
	at praktikum.AuthTests.tearDown(AuthTests.java:74)

authFromLinkToProfileIsSuccess[Browser yandex](praktikum.AuthTests)  Time elapsed: 0.366 s  <<< ERROR!
org.openqa.selenium.SessionNotCreatedException: 
Could not start a new session. Response code 500. Message: session not created
from unknown error: no chrome binary at C:/Users/qwerty/AppData/Local/Yandex/YandexBrowser/Application/browser.exe 
Host info: host: 'LAPTOP-1EDPGQOO', ip: '192.168.136.1'
Build info: version: '4.11.0', revision: '040bc5406b'
System info: os.name: 'Windows 11', os.arch: 'amd64', os.version: '10.0', java.version: '17.0.4.1'
Driver info: org.openqa.selenium.chrome.ChromeDriver
Command: [null, newSession {capabilities=[Capabilities {browserName: chrome, goog:chromeOptions: {args: [--remote-allow-origins=*, --no-sandbox, --disable-dev-shm-usage, --headless], binary: C:/Users/qwerty/AppData/Loc..., extensions: []}}]}]
	at praktikum.AuthTests.startUp(AuthTests.java:52)

authFromLinkToProfileIsSuccess[Browser yandex](praktikum.AuthTests)  Time elapsed: 0.366 s  <<< ERROR!
java.lang.NullPointerException: Cannot invoke "org.openqa.selenium.WebDriver.quit()" because "this.webDriver" is null
	at praktikum.AuthTests.tearDown(AuthTests.java:74)

authFromMainIsSuccess[Browser yandex](praktikum.AuthTests)  Time elapsed: 0.232 s  <<< ERROR!
org.openqa.selenium.SessionNotCreatedException: 
Could not start a new session. Response code 500. Message: session not created
from unknown error: no chrome binary at C:/Users/qwerty/AppData/Local/Yandex/YandexBrowser/Application/browser.exe 
Host info: host: 'LAPTOP-1EDPGQOO', ip: '192.168.136.1'
Build info: version: '4.11.0', revision: '040bc5406b'
System info: os.name: 'Windows 11', os.arch: 'amd64', os.version: '10.0', java.version: '17.0.4.1'
Driver info: org.openqa.selenium.chrome.ChromeDriver
Command: [null, newSession {capabilities=[Capabilities {browserName: chrome, goog:chromeOptions: {args: [--remote-allow-origins=*, --no-sandbox, --disable-dev-shm-usage, --headless], binary: C:/Users/qwerty/AppData/Loc..., extensions: []}}]}]
	at praktikum.AuthTests.startUp(AuthTests.java:52)

authFromMainIsSuccess[Browser yandex](praktikum.AuthTests)  Time elapsed: 0.232 s  <<< ERROR!
java.lang.NullPointerException: Cannot invoke "org.openqa.selenium.WebDriver.quit()" because "this.webDriver" is null
	at praktikum.AuthTests.tearDown(AuthTests.java:74)

authLinkFromRegFormIsSuccess[Browser yandex](praktikum.AuthTests)  Time elapsed: 0.207 s  <<< ERROR!
org.openqa.selenium.SessionNotCreatedException: 
Could not start a new session. Response code 500. Message: session not created
from unknown error: no chrome binary at C:/Users/qwerty/AppData/Local/Yandex/YandexBrowser/Application/browser.exe 
Host info: host: 'LAPTOP-1EDPGQOO', ip: '192.168.136.1'
Build info: version: '4.11.0', revision: '040bc5406b'
System info: os.name: 'Windows 11', os.arch: 'amd64', os.version: '10.0', java.version: '17.0.4.1'
Driver info: org.openqa.selenium.chrome.ChromeDriver
Command: [null, newSession {capabilities=[Capabilities {browserName: chrome, goog:chromeOptions: {args: [--remote-allow-origins=*, --no-sandbox, --disable-dev-shm-usage, --headless], binary: C:/Users/qwerty/AppData/Loc..., extensions: []}}]}]
	at praktikum.AuthTests.startUp(AuthTests.java:52)

authLinkFromRegFormIsSuccess[Browser yandex](praktikum.AuthTests)  Time elapsed: 0.207 s  <<< ERROR!
java.lang.NullPointerException: Cannot invoke "org.openqa.selenium.WebDriver.quit()" because "this.webDriver" is null
	at praktikum.AuthTests.tearDown(AuthTests.java:74)

authLinkFromForgotPasswordFormIsSuccess[Browser yandex](praktikum.AuthTests)  Time elapsed: 0.252 s  <<< ERROR!
org.openqa.selenium.SessionNotCreatedException: 
Could not start a new session. Response code 500. Message: session not created
from unknown error: no chrome binary at C:/Users/qwerty/AppData/Local/Yandex/YandexBrowser/Application/browser.exe 
Host info: host: 'LAPTOP-1EDPGQOO', ip: '192.168.136.1'
Build info: version: '4.11.0', revision: '040bc5406b'
System info: os.name: 'Windows 11', os.arch: 'amd64', os.version: '10.0', java.version: '17.0.4.1'
Driver info: org.openqa.selenium.chrome.ChromeDriver
Command: [null, newSession {capabilities=[Capabilities {browserName: chrome, goog:chromeOptions: {args: [--remote-allow-origins=*, --no-sandbox, --disable-dev-shm-usage, --headless], binary: C:/Users/qwerty/AppData/Loc..., extensions: []}}]}]
	at praktikum.AuthTests.startUp(AuthTests.java:52)

authLinkFromForgotPasswordFormIsSuccess[Browser yandex](praktikum.AuthTests)  Time elapsed: 0.252 s  <<< ERROR!
java.lang.NullPointerException: Cannot invoke "org.openqa.selenium.WebDriver.quit()" because "this.webDriver" is null
	at praktikum.AuthTests.tearDown(AuthTests.java:74)

